<?xml version="1.0" encoding="UTF-8"?>
<!-- Generated by org.testng.reporters.JUnitReportReporter -->
<testsuite hostname="mindq-PC" name="com.Ranford.master.Employee" tests="3" failures="0" timestamp="21 Feb 2017 03:37:11 GMT" time="76.704" errors="0">
  <testcase name="Empexe" time="25.429" classname="com.Ranford.master.Employee"/>
  <testcase name="Empexe" time="25.479" classname="com.Ranford.master.Employee"/>
  <testcase name="Empexe" time="25.796" classname="com.Ranford.master.Employee"/>
</testsuite> <!-- com.Ranford.master.Employee -->
