<?xml version="1.0" encoding="UTF-8"?>
<!-- Generated by org.testng.reporters.JUnitReportReporter -->
<testsuite hostname="mindq-PC" name="com.Ranford.master.RoleNG" tests="3" failures="0" timestamp="21 Feb 2017 03:11:05 GMT" time="78.068" errors="0">
  <testcase name="ExeRole" time="26.102" classname="com.Ranford.master.RoleNG"/>
  <testcase name="ExeRole" time="25.975" classname="com.Ranford.master.RoleNG"/>
  <testcase name="ExeRole" time="25.991" classname="com.Ranford.master.RoleNG"/>
</testsuite> <!-- com.Ranford.master.RoleNG -->
