<?xml version="1.0" encoding="UTF-8"?>
<!-- Generated by org.testng.reporters.JUnitReportReporter -->
<testsuite hostname="mindq-PC" name="com.Ranford.master.Exepom" tests="1" failures="0" timestamp="23 Feb 2017 16:34:30 GMT" time="8.179" errors="0">
  <testcase name="exelogin" time="8.179" classname="com.Ranford.master.Exepom"/>
</testsuite> <!-- com.Ranford.master.Exepom -->
